DATA START
Time	Rpm	SetRpm	Temp	Pump	State	THR	AUX	Batt	AirSpd	SetSpd	
620	103190	104000	539	4.53	11	0	0	11.47	0	0
621	104070	104000	554	4.54	11	0	0	11.45	0	0
622	104280	104000	569	4.52	11	0	0	11.44	0	0
623	104250	104000	578	4.51	11	0	0	11.42	0	0
624	104250	104000	584	4.49	11	0	0	11.41	0	0
625	104120	104000	588	4.49	11	0	0	11.41	0	0
626	104170	104000	591	4.47	11	0	0	11.40	0	0
627	104010	104000	593	4.47	11	0	0	11.39	0	0
628	104000	104000	594	4.47	11	0	0	11.39	0	0
629	104150	104000	594	4.46	11	0	0	11.38	0	0
630	104250	104000	594	4.44	11	0	0	11.38	0	0
631	104040	104000	592	4.43	11	0	0	11.38	0	0
632	104010	104000	592	4.44	11	0	0	11.38	0	0
633	103990	80000	592	3.62	11	0	0	11.38	0	0
634	90770	33000	588	1.69	11	0	0	11.39	0	0
635	68060	33000	554	1.23	11	0	0	11.41	0	0
636	55820	33000	509	0.95	11	0	0	11.42	0	0
637	47700	33000	479	0.85	11	0	0	11.44	0	0
638	38840	33000	461	0.75	11	0	0	11.45	0	0
639	33130	33000	450	0.82	11	0	0	11.46	0	0
640	30300	33000	446	0.89	11	0	0	11.47	0	0
641	29810	33000	455	0.92	11	0	0	11.48	0	0
642	30730	33000	476	0.92	11	0	0	11.48	0	0
643	31560	33000	497	0.92	11	0	0	11.49	0	0
644	31910	33000	514	0.92	11	0	0	11.49	0	0
645	31990	33000	523	0.92	11	0	0	11.49	0	0
646	31910	33000	526	0.93	11	0	0	11.50	0	0
647	32280	33000	528	0.93	11	0	0	11.50	0	0
648	32480	33000	530	0.93	11	0	0	11.50	0	0
649	32480	33000	532	0.93	11	0	0	11.50	0	0
650	32350	33000	533	0.94	11	0	0	11.51	0	0
651	32270	33000	533	0.94	11	0	0	11.51	0	0
652	32380	33000	533	0.95	11	0	0	11.51	0	0
653	32350	33000	534	0.95	11	0	0	11.51	0	0
654	32440	33000	535	0.95	11	0	0	11.51	0	0
655	32540	33000	535	0.95	11	0	0	11.51	0	0
656	32590	33000	536	0.96	11	0	0	11.51	0	0
657	32750	33000	537	0.96	11	0	0	11.51	0	0
658	33020	33000	538	0.95	11	0	0	11.51	0	0
659	32990	33000	537	0.95	11	0	0	11.51	0	0
660	32750	33000	535	0.96	11	0	0	11.51	0	0
661	32720	33000	535	0.96	11	0	0	11.51	0	0
662	32790	33000	536	0.96	11	0	0	11.51	0	0
663	32940	33000	537	0.96	11	0	0	11.51	0	0
664	32930	33000	538	0.96	11	0	0	11.51	0	0
665	32840	33000	538	0.96	11	0	0	11.51	0	0
666	32900	33000	538	0.96	11	0	0	11.51	0	0
667	32960	33000	538	0.96	11	0	0	11.52	0	0
668	33010	33000	539	0.96	11	0	0	11.52	0	0
669	33110	33000	539	0.96	11	0	0	11.52	0	0
670	33000	33000	539	0.96	11	0	0	11.52	0	0
671	32980	33000	538	0.96	11	0	0	11.52	0	0
672	33020	33000	537	0.96	11	0	0	11.52	0	0
673	33020	33000	538	0.96	11	0	0	11.52	0	0
674	33080	33000	538	0.96	11	0	0	11.52	0	0
675	32940	33000	538	0.96	11	0	0	11.52	0	0
676	32890	33000	538	0.96	11	0	0	11.52	0	0
677	33100	33000	538	0.96	11	0	0	11.52	0	0
678	32930	33000	538	0.96	11	0	0	11.52	0	0
679	33030	33000	538	0.96	11	0	0	11.52	0	0
680	33110	33000	538	0.95	11	0	0	11.52	0	0
681	32960	33000	538	0.96	11	0	0	11.52	0	0
682	33040	33000	537	0.96	11	0	0	11.52	0	0
683	33030	41000	537	0.98	11	0	0	11.52	0	0
684	33370	104000	537	1.21	11	0	0	11.52	0	0
685	36600	104000	542	1.34	11	0	0	11.52	0	0
686	41400	104000	556	1.45	11	0	0	11.52	0	0
687	47410	104000	570	1.64	11	0	0	11.52	0	0
688	56280	104000	579	1.88	11	0	0	11.52	0	0
689	67130	104000	578	2.31	11	0	0	11.52	0	0
690	78500	104000	563	2.89	11	0	0	11.51	0	0
691	89420	104000	544	3.50	11	0	0	11.51	0	0
692	97260	104000	530	4.56	11	0	0	11.49	0	0
693	103600	104000	536	4.58	11	0	0	11.47	0	0
694	104270	104000	554	4.56	11	0	0	11.45	0	0
695	104430	104000	571	4.53	11	0	0	11.44	0	0
696	104420	104000	582	4.51	11	0	0	11.42	0	0
697	104400	104000	588	4.48	11	0	0	11.41	0	0
698	104290	104000	591	4.46	11	0	0	11.41	0	0
699	104140	104000	592	4.45	11	0	0	11.40	0	0
700	103950	104000	592	4.45	11	0	0	11.40	0	0
701	104010	104000	592	4.45	11	0	0	11.39	0	0
702	104160	104000	593	4.45	11	0	0	11.39	0	0
703	104080	104000	593	4.44	11	0	0	11.38	0	0
704	104160	104000	592	4.43	11	0	0	11.38	0	0
705	104090	104000	591	4.42	11	0	0	11.38	0	0
706	103960	104000	591	4.43	11	0	0	11.38	0	0
707	104180	104000	591	4.42	11	0	0	11.38	0	0
708	104030	104000	591	4.41	11	0	0	11.38	0	0
709	104010	104000	591	4.41	11	0	0	11.37	0	0
710	104120	104000	590	4.41	11	0	0	11.37	0	0
711	104080	104000	591	4.40	11	0	0	11.37	0	0
712	104020	104000	590	4.40	11	0	0	11.37	0	0
713	103990	104000	590	4.40	11	0	0	11.37	0	0
714	104030	86000	590	3.84	11	0	0	11.37	0	0
715	92050	33000	587	1.69	11	0	0	11.38	0	0
716	72970	104000	554	2.38	11	0	0	11.40	0	0
717	80680	104000	522	3.07	11	0	0	11.42	0	0
718	91790	104000	514	3.60	11	0	0	11.42	0	0
719	102400	98000	519	4.42	11	0	0	11.42	0	0
720	98580	80000	539	2.80	11	0	0	11.41	0	0
721	98160	86000	544	4.06	11	0	0	11.42	0	0
722	96320	74000	545	2.61	11	0	0	11.42	0	0
723	91820	104000	536	3.63	11	0	0	11.42	0	0
724	101910	104000	529	4.55	11	0	0	11.42	0	0
725	104560	74000	543	3.43	11	0	0	11.41	0	0
726	88300	33000	558	1.61	11	0	0	11.41	0	0
727	66290	33000	532	1.18	11	0	0	11.43	0	0
728	54810	33000	495	0.92	11	0	0	11.44	0	0
729	46600	33000	470	0.83	11	0	0	11.45	0	0
730	38020	33000	456	0.75	11	0	0	11.46	0	0
731	32920	33000	447	0.83	11	0	0	11.47	0	0
732	29960	33000	445	0.90	11	0	0	11.48	0	0
733	29830	33000	457	0.92	11	0	0	11.48	0	0
734	30760	33000	478	0.92	11	0	0	11.49	0	0
735	31550	33000	501	0.92	11	0	0	11.49	0	0
736	32030	33000	517	0.92	11	0	0	11.49	0	0
737	32190	33000	525	0.92	11	0	0	11.50	0	0
738	32270	33000	528	0.92	11	0	0	11.50	0	0
739	32260	33000	529	0.93	11	0	0	11.50	0	0
740	32230	33000	529	0.93	11	0	0	11.50	0	0
741	32340	33000	529	0.94	11	0	0	11.50	0	0
742	32520	33000	531	0.94	11	0	0	11.50	0	0
743	32540	33000	533	0.94	11	0	0	11.50	0	0
744	32480	33000	533	0.94	11	0	0	11.50	0	0
745	32460	33000	533	0.95	11	0	0	11.50	0	0
746	32400	33000	533	0.95	11	0	0	11.51	0	0
747	32510	33000	533	0.95	11	0	0	11.51	0	0
748	32720	33000	533	0.95	11	0	0	11.51	0	0
749	32830	33000	534	0.95	11	0	0	11.51	0	0
750	32850	33000	534	0.95	11	0	0	11.51	0	0
751	33030	33000	534	0.95	11	0	0	11.51	0	0
752	33020	33000	534	0.95	11	0	0	11.51	0	0
753	32950	33000	534	0.95	11	0	0	11.51	0	0
754	32920	33000	534	0.95	11	0	0	11.51	0	0
755	32940	33000	534	0.95	11	0	0	11.51	0	0
756	32950	33000	535	0.95	11	0	0	11.51	0	0
757	32980	33000	535	0.95	11	0	0	11.51	0	0
758	32860	33000	535	0.95	11	0	0	11.51	0	0
759	32870	0	535	0.00	8	150	0	11.51	0	0
760	19120	0	507	0.00	8	150	0	11.51	0	0
761	13430	0	433	0.00	8	150	0	11.52	0	0
762	10340	0	358	0.00	8	150	0	11.52	0	0
763	8080	0	304	0.00	8	150	0	11.52	0	0
764	6700	0	269	0.00	8	150	0	11.52	0	0
765	5690	0	247	0.00	8	150	0	11.53	0	0
766	4920	0	235	0.00	8	150	0	11.53	0	0
767	4320	0	227	0.00	8	150	0	11.53	0	0
768	3840	0	223	0.00	8	150	0	11.53	0	0
769	3440	0	220	0.00	8	150	0	11.53	0	0
770	3140	0	218	0.00	8	150	0	11.53	0	0
771	2820	0	217	0.00	8	150	0	11.53	0	0
772	2800	3000	216	0.00	8	150	0	11.52	0	0
773	3440	3000	216	0.00	8	150	0	11.50	0	0
774	3790	3000	215	0.00	8	150	0	11.50	0	0
775	3890	3000	212	0.00	8	150	0	11.49	0	0
776	3870	3000	208	0.00	8	150	0	11.49	0	0
777	3790	3000	204	0.00	8	150	0	11.50	0	0
778	3700	3000	199	0.00	8	150	0	11.50	0	0
297	1300	3300	30	0.00	16	0	0	11.29	0	0
298	2640	3300	30	0.00	16	0	0	11.26	0	0
299	3390	3300	30	0.00	16	0	0	11.21	0	0
300	3740	3300	30	0.00	16	0	0	11.23	0	0
301	3880	3300	30	0.00	16	0	0	11.19	0	0
302	3890	3300	31	0.20	2	0	0	11.21	0	0
303	3850	3300	30	0.20	12	0	0	11.19	0	0
304	3800	3300	31	0.20	19	0	0	11.15	0	0
305	3730	3320	35	0.20	19	0	0	11.19	0	0
306	3660	3340	41	0.20	19	0	0	11.20	0	0
307	3630	3390	49	0.20	19	0	0	11.19	0	0
308	3650	3430	62	0.20	19	0	0	11.14	0	0
309	3660	3470	79	0.20	19	0	0	11.12	0	0
310	3670	3520	100	0.20	19	0	0	11.14	0	0
311	3690	3560	119	0.20	19	0	0	11.15	0	0
312	3710	3620	138	0.20	19	0	0	11.11	0	0
313	3730	3690	154	0.20	19	0	0	11.07	0	0
314	3760	3790	168	0.20	19	0	0	11.06	0	0
315	3790	3890	179	0.20	19	0	0	11.06	0	0
316	3830	3990	188	0.20	19	0	0	11.05	0	0
317	3880	4040	193	0.28	19	0	0	11.11	0	0
318	4050	4860	197	0.28	19	0	0	11.11	0	0
319	4320	5040	202	0.28	19	0	0	11.09	0	0
320	4510	5220	209	0.28	19	0	0	11.08	0	0
321	4840	31350	217	0.28	3	0	0	11.08	0	0
322	5960	31350	228	0.28	3	0	0	11.06	0	0
323	7450	31350	244	0.29	3	0	0	11.04	0	0
324	8700	31350	264	0.30	3	0	0	11.02	0	0
325	9880	31350	283	0.31	3	0	0	10.99	0	0
326	10820	31350	298	0.32	3	0	0	10.97	0	0
327	11440	31350	309	0.33	3	0	0	10.95	0	0
328	11770	31350	314	0.34	3	0	0	10.95	0	0
329	12000	31350	317	0.35	3	0	0	10.95	0	0
330	12220	31350	319	0.37	3	0	0	10.94	0	0
331	12500	31350	322	0.39	3	0	0	10.94	0	0
332	12780	31350	328	0.41	3	0	0	10.95	0	0
333	13160	31350	336	0.43	3	0	0	10.95	0	0
334	13540	31350	344	0.44	3	0	0	10.97	0	0
335	13890	31350	351	0.46	3	0	0	10.97	0	0
336	14340	31350	361	0.48	3	0	0	10.99	0	0
337	14640	31350	373	0.50	3	0	0	11.01	0	0
338	14780	31350	386	0.51	3	0	0	11.04	0	0
339	15060	31350	398	0.53	3	0	0	11.05	0	0
340	15530	31350	411	0.55	3	0	0	11.05	0	0
341	16020	31350	423	0.57	3	0	0	11.08	0	0
342	16440	31350	435	0.59	3	0	0	11.11	0	0
343	16920	31350	445	0.62	3	0	0	11.13	0	0
344	17570	31350	455	0.64	3	0	0	11.16	0	0
345	18290	31350	465	0.66	3	0	0	11.19	0	0
346	18970	31350	476	0.69	3	0	0	11.22	0	0
347	19700	31350	485	0.71	3	0	0	11.24	0	0
348	20550	31350	494	0.74	3	0	0	11.27	5	0
349	21940	31350	507	0.77	3	0	0	11.29	0	0
350	23400	31350	522	0.80	3	0	0	11.32	4	0
351	25680	31350	538	0.83	3	0	0	11.33	0	0
352	29310	31350	559	0.86	3	0	0	11.35	10	0
353	33840	40000	589	0.91	4	0	0	11.37	5	0
354	38860	40000	616	0.84	4	0	0	11.38	0	0
355	42500	40000	622	0.76	4	0	0	11.40	12	0
356	37340	40000	590	0.85	4	0	0	11.41	0	0
357	32250	40000	538	0.98	4	0	0	11.42	0	0
358	30400	40000	502	1.08	4	0	0	11.42	12	0
359	31400	40000	495	1.12	4	0	0	11.43	14	0
360	34730	40000	509	1.10	4	0	0	11.43	9	0
361	39020	40000	530	1.05	4	0	0	11.44	9	0
362	41060	39400	543	0.98	6	0	0	11.44	16	0
363	39980	36400	538	0.90	6	0	0	11.45	5	0
364	36840	33400	522	0.87	6	0	0	11.45	14	0
365	33740	33000	503	0.93	6	0	0	11.45	13	0
366	31840	33000	491	0.98	6	0	0	11.45	19	0
367	31700	33000	491	0.99	11	0	0	11.46	15	0
368	32610	33000	501	0.97	11	0	0	11.46	15	0
369	34150	33000	513	0.94	11	0	0	11.46	12	0
370	34650	33000	523	0.92	11	0	0	11.46	13	0
371	34090	33000	525	0.91	11	0	0	11.46	17	0
372	33230	33000	522	0.92	11	0	0	11.46	16	0
373	32640	33000	519	0.93	11	0	0	11.46	15	0
374	32410	33000	519	0.94	11	0	0	11.46	15	0
375	32760	33000	520	0.94	11	0	0	11.47	20	0
376	33170	33000	523	0.93	11	0	0	11.47	10	0
377	33450	33000	525	0.93	11	0	0	11.47	12	0
378	33370	33000	527	0.92	11	0	0	11.47	18	0
379	33160	33000	526	0.92	11	0	0	11.47	18	0
380	32880	33000	525	0.93	11	0	0	11.47	14	0
381	32710	33000	525	0.93	11	0	0	11.47	16	0
382	32940	33000	526	0.93	11	0	0	11.47	19	0
383	33090	33000	528	0.93	11	0	0	11.47	14	0
384	33160	33000	529	0.93	11	0	0	11.47	18	0
385	33230	33000	530	0.92	11	0	0	11.47	16	0
386	33250	33000	531	0.92	11	0	0	11.47	18	0
387	32850	33000	530	0.93	11	0	0	11.47	17	0
388	32710	33000	529	0.93	11	0	0	11.47	19	0
389	32740	33000	529	0.93	11	0	0	11.47	13	0
390	32980	73000	530	1.01	11	0	0	11.47	19	0
391	33660	104000	531	1.18	11	0	0	11.47	17	0
392	36440	104000	537	1.35	11	0	0	11.47	19	0
393	41590	104000	550	1.52	11	0	0	11.47	14	0
394	49390	104000	566	1.69	11	0	0	11.47	21	0
395	59280	104000	578	2.03	11	0	0	11.47	18	0
396	69820	104000	574	2.66	11	0	0	11.47	13	0
397	86530	104000	559	3.71	11	0	0	11.46	16	0
398	97040	104000	543	4.24	11	0	0	11.44	18	0
399	102150	104000	541	4.49	11	0	0	11.42	12	0
400	103720	104000	551	4.54	11	0	0	11.40	0	0
401	104020	104000	566	4.54	11	0	0	11.38	0	0
402	104450	104000	580	4.52	11	0	0	11.37	0	0
403	104250	104000	588	4.50	11	0	0	11.35	0	0
404	104210	104000	592	4.49	11	0	0	11.34	0	0
405	104020	104000	594	4.49	11	0	0	11.34	0	0
406	104110	104000	595	4.48	11	0	0	11.33	0	0
407	104140	104000	596	4.47	11	0	0	11.33	0	0
408	104240	104000	597	4.46	11	0	0	11.32	0	0
409	104050	86000	598	3.90	11	0	0	11.32	0	0
410	93870	33000	594	1.88	11	0	0	11.32	0	0
411	71390	33000	564	1.39	11	0	0	11.34	0	0
412	58200	33000	515	1.10	11	0	0	11.36	0	0
413	50290	33000	483	0.90	11	0	0	11.38	0	0
414	41480	33000	465	0.82	11	0	0	11.39	0	0
415	35570	33000	455	0.82	11	0	0	11.40	0	0
416	32350	33000	451	0.93	11	0	0	11.41	0	0
417	31500	33000	457	0.95	11	0	0	11.42	0	0
418	32230	33000	475	0.95	11	0	0	11.43	0	0
419	32760	33000	494	0.94	11	0	0	11.43	0	0
420	32830	33000	509	0.94	11	0	0	11.44	0	0
421	32800	33000	516	0.94	11	0	0	11.44	0	0
422	32740	33000	521	0.94	11	0	0	11.44	0	0
423	32540	33000	523	0.95	11	0	0	11.44	0	0
424	32510	33000	524	0.95	11	0	0	11.45	0	0
425	32660	33000	526	0.95	11	0	0	11.45	0	0
426	32700	33000	528	0.95	11	0	0	11.45	0	0
427	32620	33000	530	0.96	11	0	0	11.45	0	0
428	32910	33000	532	0.95	11	0	0	11.45	0	0
429	32870	33000	534	0.96	11	0	0	11.45	0	0
430	32640	33000	534	0.96	11	0	0	11.45	0	0
431	32660	33000	534	0.96	11	0	0	11.46	0	0
432	32770	33000	534	0.96	11	0	0	11.46	0	0
433	32870	33000	535	0.96	11	0	0	11.46	0	0
434	32960	33000	535	0.96	11	0	0	11.46	0	0
435	32900	33000	535	0.96	11	0	0	11.46	0	0
436	32840	33000	534	0.96	11	0	0	11.46	0	0
437	32910	33000	535	0.96	11	0	0	11.46	0	0
438	32940	33000	536	0.96	11	0	0	11.46	0	0
439	33000	33000	536	0.96	11	0	0	11.46	0	0
440	33180	33000	537	0.96	11	0	0	11.46	0	0
441	33230	33000	537	0.96	11	0	0	11.46	0	0
442	33120	33000	536	0.96	11	0	0	11.46	0	0
443	33020	33000	535	0.96	11	0	0	11.46	0	0
444	33010	33000	535	0.96	11	0	0	11.46	0	0
445	33060	33000	534	0.96	11	0	0	11.46	0	0
446	33070	33000	534	0.96	11	0	0	11.46	0	0
447	33090	33000	534	0.96	11	0	0	11.46	0	0
448	33050	33000	534	0.96	11	0	0	11.46	0	0
449	33040	33000	534	0.96	11	0	0	11.46	0	0
450	33010	33000	533	0.96	11	0	0	11.46	0	0
451	33030	33000	533	0.96	11	0	0	11.46	0	0
452	33010	33000	533	0.96	11	0	0	11.46	0	0
453	33080	33000	534	0.96	11	0	0	11.46	0	0
454	32970	33000	534	0.96	11	0	0	11.47	0	0
455	32990	33000	534	0.96	11	0	0	11.47	0	0
456	32950	33000	534	0.96	11	0	0	11.47	0	0
457	33080	41000	535	0.97	11	0	0	11.47	0	0
458	33400	104000	535	1.17	11	0	0	11.47	0	0
459	35510	104000	539	1.29	11	0	0	11.47	0	0
460	40470	104000	550	1.43	11	0	0	11.47	0	0
461	45740	104000	564	1.60	11	0	0	11.47	0	0
462	53970	104000	575	1.82	11	0	0	11.47	0	0
463	63800	104000	579	2.15	11	0	0	11.47	0	0
464	74380	104000	569	2.66	11	0	0	11.46	0	0
465	85710	104000	550	3.29	11	0	0	11.46	0	0
466	94470	104000	533	4.54	11	0	0	11.44	0	0
467	103300	104000	532	4.55	11	0	0	11.42	0	0
468	104160	104000	550	4.54	11	0	0	11.40	0	0
469	104300	104000	569	4.52	11	0	0	11.38	0	0
470	104110	104000	583	4.52	11	0	0	11.37	0	0
471	104310	104000	592	4.50	11	0	0	11.36	0	0
472	104310	104000	597	4.47	11	0	0	11.35	0	0
473	104260	104000	599	4.46	11	0	0	11.34	0	0
474	104020	104000	600	4.45	11	0	0	11.33	0	0
475	104220	104000	600	4.44	11	0	0	11.33	0	0
476	103950	104000	600	4.44	11	0	0	11.33	0	0
477	104170	104000	599	4.43	11	0	0	11.32	0	0
478	104040	104000	599	4.43	11	0	0	11.32	0	0
479	104150	104000	599	4.42	11	0	0	11.32	0	0
480	104130	104000	599	4.41	11	0	0	11.32	0	0
481	104120	104000	599	4.40	11	0	0	11.31	0	0
482	103950	104000	598	4.40	11	0	0	11.31	0	0
483	103950	104000	598	4.41	11	0	0	11.31	0	0
484	103900	104000	597	4.41	11	0	0	11.31	0	0
485	104020	104000	597	4.41	11	0	0	11.31	0	0
486	104060	104000	597	4.40	11	0	0	11.31	0	0
487	103920	104000	598	4.41	11	0	0	11.31	0	0
488	104120	104000	598	4.40	11	0	0	11.31	0	0
489	103910	92000	598	4.08	11	0	0	11.31	0	0
490	99250	38000	596	1.97	11	0	0	11.31	0	0
491	75130	97000	572	2.41	11	0	0	11.33	0	0
492	81650	104000	533	3.16	11	0	0	11.35	0	0
493	92760	104000	518	4.54	11	0	0	11.35	0	0
494	102830	104000	521	4.55	11	0	0	11.35	0	0
495	101040	44000	542	2.25	11	0	0	11.34	0	0
496	81150	33000	548	1.57	11	0	0	11.36	0	0
497	65540	104000	517	2.28	11	0	0	11.37	0	0
498	76590	104000	498	2.81	11	0	0	11.38	0	0
499	88250	104000	501	3.41	11	0	0	11.38	0	0
500	97260	104000	508	4.56	11	0	0	11.38	0	0
501	103820	74000	525	3.47	11	0	0	11.36	0	0
502	88880	57000	544	1.96	11	0	0	11.37	0	0
503	77700	104000	529	2.88	11	0	0	11.38	0	0
504	90020	104000	511	3.53	11	0	0	11.38	0	0
505	99500	104000	509	4.58	11	0	0	11.37	0	0
506	102980	56000	527	2.72	11	0	0	11.36	0	0
507	86220	33000	542	1.70	11	0	0	11.37	0	0
508	65000	33000	519	1.17	11	0	0	11.38	0	0
509	54050	33000	485	0.93	11	0	0	11.39	0	0
510	45290	33000	464	0.82	11	0	0	11.40	0	0
511	38010	33000	451	0.82	11	0	0	11.41	0	0
512	33250	33000	443	0.91	11	0	0	11.42	0	0
513	31460	33000	445	0.95	11	0	0	11.42	0	0
514	31770	33000	458	0.96	11	0	0	11.43	0	0
515	32640	33000	479	0.94	11	0	0	11.43	0	0
516	33010	33000	498	0.94	11	0	0	11.44	0	0
517	32930	33000	509	0.94	11	0	0	11.44	0	0
518	32760	33000	514	0.94	11	0	0	11.44	0	0
519	32630	33000	515	0.95	11	0	0	11.44	0	0
520	32610	33000	515	0.95	11	0	0	11.44	0	0
521	32680	33000	517	0.95	11	0	0	11.45	0	0
522	32800	33000	518	0.95	11	0	0	11.45	0	0
523	32720	33000	520	0.95	11	0	0	11.45	0	0
524	32740	33000	521	0.96	11	0	0	11.45	0	0
525	32790	33000	523	0.96	11	0	0	11.45	0	0
526	32850	33000	525	0.96	11	0	0	11.45	0	0
527	32910	33000	527	0.96	11	0	0	11.45	0	0
528	32910	33000	529	0.96	11	0	0	11.45	0	0
529	32890	33000	530	0.96	11	0	0	11.45	0	0
530	32930	33000	531	0.96	11	0	0	11.45	0	0
531	33160	33000	533	0.95	11	0	0	11.45	0	0
532	33120	0	533	0.00	8	150	0	11.45	0	0
534	19270	0	503	0.00	8	150	0	11.46	0	0
535	13460	0	429	0.00	8	150	0	11.46	0	0
536	10190	0	354	0.00	8	150	0	11.46	0	0
537	8130	0	299	0.00	8	150	0	11.47	0	0
538	6730	0	265	0.00	8	150	0	11.47	0	0
539	5710	0	243	0.00	8	150	0	11.47	0	0
540	5010	0	231	0.00	8	150	0	11.47	0	0
540	4380	0	223	0.00	8	150	0	11.47	0	0
542	3840	0	218	0.00	8	150	0	11.48	0	0
543	3430	0	215	0.00	8	150	0	11.48	0	0
544	3090	0	214	0.00	8	150	0	11.48	0	0
545	2810	0	213	0.00	8	150	0	11.48	0	0
546	2860	3000	212	0.00	8	150	0	11.47	0	0
547	3520	3000	212	0.00	8	150	0	11.45	0	0
548	3840	3000	210	0.00	8	150	0	11.44	0	0
549	3940	3000	207	0.00	8	150	0	11.44	0	0
550	3910	3000	204	0.00	8	150	0	11.44	0	0
551	3820	3000	199	0.00	8	150	0	11.44	0	0
552	3700	3000	195	0.00	8	150	0	11.44	0	0
671	1300	3300	78	0.00	16	0	0	11.21	0	0
672	2670	3300	78	0.00	16	0	0	11.16	0	0
673	3460	3300	77	0.00	16	0	0	11.16	0	0
673	3820	3300	76	0.00	16	0	0	11.17	0	0
674	3980	3300	74	0.00	16	0	0	11.16	0	0
676	4010	3300	72	0.20	2	0	0	11.17	0	0
677	3970	3300	70	0.20	12	0	0	11.16	0	0
678	3940	3300	69	0.20	19	0	0	11.17	0	0
679	3850	3320	73	0.20	19	0	0	11.19	0	0
680	3740	3340	77	0.20	19	0	0	11.16	0	0
681	3670	3370	84	0.20	19	0	0	11.13	0	0
682	3610	3400	91	0.20	19	0	0	11.07	0	0
683	3570	3420	98	0.20	19	0	0	11.08	0	0
684	3560	3460	106	0.20	19	0	0	11.10	0	0
685	3560	3510	114	0.20	19	0	0	11.08	0	0
686	3550	3550	123	0.20	19	0	0	11.09	0	0
687	3570	3600	132	0.20	19	0	0	11.04	0	0
688	3590	3650	141	0.20	19	0	0	11.06	0	0
689	3620	3670	149	0.20	19	0	0	11.07	0	0
690	3650	3750	156	0.20	19	0	0	11.08	0	0
691	3670	3800	161	0.28	19	0	0	11.11	0	0
692	3850	4860	165	0.28	19	0	0	11.07	0	0
693	4150	5040	168	0.28	19	0	0	11.07	0	0
694	4400	5220	168	0.28	19	0	0	10.98	0	0
695	4700	31350	167	0.28	3	0	0	11.01	0	0
696	5780	31350	163	0.29	3	0	0	10.99	0	0
697	6660	31350	160	0.30	3	0	0	10.97	0	0
698	7280	31350	158	0.30	3	0	0	10.95	0	0
699	7740	31350	159	0.31	3	0	0	10.93	0	0
700	8220	31350	166	0.32	3	0	0	10.91	0	0
701	8980	31350	181	0.34	3	0	0	10.90	0	0
702	9880	31350	204	0.35	3	0	0	10.88	0	0
703	10880	31350	235	0.36	3	0	0	10.87	0	0
704	11740	31350	268	0.37	3	0	0	10.86	0	0
705	12410	31350	298	0.38	3	0	0	10.87	0	0
705	12840	31350	322	0.40	3	0	0	10.87	0	0
706	13230	31350	338	0.41	3	0	0	10.88	0	0
708	13630	31350	351	0.43	3	0	0	10.89	0	0
708	13890	31350	361	0.44	3	0	0	10.89	0	0
710	14190	31350	371	0.46	3	0	0	10.91	0	0
711	14350	31350	382	0.47	3	0	0	10.92	0	0
712	14640	31350	394	0.49	3	0	0	10.94	0	0
713	14930	31350	405	0.51	3	0	0	10.96	0	0
714	15200	31350	416	0.53	3	0	0	10.98	0	0
715	15550	31350	426	0.55	3	0	0	11.02	0	0
716	16130	31350	436	0.58	3	0	0	11.05	0	0
717	16810	31350	446	0.60	3	0	0	11.07	0	0
718	17490	31350	457	0.62	3	0	0	11.09	0	0
719	18300	31350	468	0.64	3	0	0	11.12	0	0
720	19160	31350	481	0.67	3	0	0	11.15	0	0
721	19880	31350	494	0.69	3	0	0	11.17	0	0
722	20710	31350	506	0.72	3	0	0	11.20	0	0
723	21770	31350	517	0.75	3	0	0	11.23	0	0
724	23380	31350	530	0.78	3	0	0	11.25	0	0
725	25910	31350	546	0.81	3	0	0	11.27	0	0
726	29770	31350	567	0.84	3	0	0	11.29	0	0
727	35380	40000	588	0.86	4	0	0	11.31	0	0
728	39980	40000	600	0.79	4	0	0	11.32	0	0
729	37250	38500	583	0.83	6	0	0	11.34	0	0
730	32980	35500	545	0.87	6	0	0	11.35	0	0
731	30290	33000	510	0.90	6	0	0	11.35	0	0
732	29370	33000	495	0.94	6	0	0	11.36	0	0
733	29660	33000	496	0.96	6	0	0	11.37	0	0
733	31200	33000	506	0.93	6	0	0	11.37	0	0
735	33070	33000	518	0.88	11	0	0	11.38	0	0
736	34000	33000	525	0.86	11	0	0	11.38	0	0
737	32930	33000	524	0.87	11	0	0	11.38	0	0
738	31890	33000	517	0.90	11	0	0	11.39	0	0
739	31530	33000	512	0.92	11	0	0	11.39	6	0
740	31670	33000	511	0.93	11	0	0	11.39	0	0
741	32150	0	514	0.00	8	150	0	11.40	0	0
742	19100	0	479	0.00	8	150	0	11.40	0	0
743	13880	0	415	0.00	8	150	0	11.41	0	0
744	10820	0	359	0.00	8	150	0	11.41	0	0
745	8970	0	322	0.00	8	150	0	11.42	0	0
746	7600	0	301	0.00	8	150	0	11.42	0	0
747	6420	0	291	0.00	8	150	0	11.42	0	0
748	5650	0	287	0.00	8	150	0	11.42	0	0
749	4950	0	286	0.00	8	150	0	11.43	0	0
750	4450	0	287	0.00	8	150	0	11.43	0	0
751	3960	0	287	0.00	8	150	0	11.43	11	0
752	3540	0	285	0.00	8	150	0	11.43	0	0
753	3230	0	282	0.00	8	150	0	11.43	0	0
754	2920	0	279	0.00	8	150	0	11.44	0	0
755	2690	0	279	0.00	8	150	0	11.44	0	0
756	3190	3000	278	0.00	8	150	0	11.42	3	0
757	3600	3000	274	0.00	8	150	0	11.40	0	0
758	3840	3000	268	0.00	8	150	0	11.40	0	0
759	3870	3000	258	0.00	8	150	0	11.40	0	0
760	3830	3000	248	0.00	8	150	0	11.40	0	0
67	1310	0	21	0.00	0	150	0	11.28	0	0
68	2770	0	21	0.00	0	150	0	11.24	0	0
69	3910	0	21	0.00	0	150	0	11.20	0	0
70	3150	0	21	0.00	0	150	0	11.22	0	0
71	2230	0	21	0.00	0	150	0	11.25	0	0
72	1610	0	21	0.00	0	150	0	11.26	0	0
105	1300	0	20	0.00	0	150	0	11.27	0	0
106	2880	0	20	0.00	0	150	0	11.22	0	0
107	3890	0	20	0.00	0	150	0	11.18	0	0
108	3190	0	20	0.00	0	150	0	11.21	0	0
109	2270	0	20	0.00	0	150	0	11.23	0	0
110	1580	0	20	0.00	0	150	0	11.25	0	0
45	1040	0	20	0.00	0	150	0	22.60	0	0
46	2470	0	20	0.00	0	150	0	22.58	0	0
47	3260	0	20	0.00	0	150	0	22.56	0	0
48	2600	0	20	0.00	0	150	0	22.56	0	0
49	1790	0	20	0.00	0	150	0	22.58	0	0
789	1000	0	20	0.00	0	150	0	23.65	0	0
790	2310	0	20	0.00	0	150	0	23.64	0	0
791	3300	0	20	0.00	0	150	0	23.62	0	0
792	2680	0	20	0.00	0	150	0	23.63	0	0
793	1960	0	20	0.00	0	150	0	23.64	0	0
794	1300	0	20	0.00	0	150	0	23.65	0	0
71	1000	0	20	0.00	0	150	0	23.57	0	0
72	2430	0	20	0.00	0	150	0	23.55	0	0
73	3320	0	20	0.00	0	150	0	23.53	0	0
74	2770	0	20	0.00	0	150	0	23.54	0	0
75	1890	0	20	0.00	0	150	0	23.55	0	0
76	1310	0	20	0.00	0	150	0	23.56	0	0
228	1020	0	20	0.00	0	150	0	23.38	0	0
229	2350	0	20	0.00	0	150	0	23.37	0	0
230	3340	0	20	0.00	0	150	0	23.35	0	0
231	2710	0	20	0.00	0	150	0	23.36	0	0
281	1150	0	21	0.00	0	150	0	22.85	0	0
282	2540	0	21	0.00	0	150	0	22.83	0	0
283	3440	0	21	0.00	0	150	0	22.81	0	0
284	2830	0	21	0.00	0	150	0	22.82	0	0
285	2050	0	21	0.00	0	150	0	22.83	0	0
286	1460	0	21	0.00	0	150	0	22.83	0	0
475	1560	0	21	0.00	0	150	0	22.83	0	0
476	2770	0	20	0.00	0	150	0	22.81	0	0
477	3430	0	21	0.00	0	150	0	22.80	0	0
478	2510	0	21	0.00	0	150	0	22.82	0	0
479	1810	0	21	0.00	0	150	0	22.82	0	0
480	1280	0	21	0.00	0	150	0	22.82	0	0
797	2060	0	21	0.00	0	150	0	22.80	0	0
798	3110	0	21	0.00	0	150	0	22.78	0	0
799	3260	0	21	0.00	0	150	0	22.78	0	0
800	2400	0	21	0.00	0	150	0	22.79	0	0
801	1670	0	21	0.00	0	150	0	22.79	0	0
802	1180	0	21	0.00	0	150	0	22.79	0	0
395	1150	0	20	0.00	0	150	0	22.75	0	0
396	2420	0	20	0.00	0	150	0	22.73	0	0
397	3450	0	21	0.00	0	150	0	22.71	0	0
398	2830	0	20	0.00	0	150	0	22.72	0	0
399	2040	0	20	0.00	0	150	0	22.72	0	0
400	1450	0	20	0.00	0	150	0	22.72	0	0
89	1030	0	21	0.00	0	150	0	22.49	0	0
90	2570	0	21	0.00	0	150	0	22.47	0	0
91	3500	0	21	0.00	0	150	0	22.45	0	0
92	2820	0	21	0.00	0	150	0	22.46	0	0
93	2020	0	21	0.00	0	150	0	22.47	0	0
94	1440	0	21	0.00	0	150	0	22.48	0	0
72	1390	0	21	0.00	0	150	0	22.46	0	0
73	2600	0	21	0.00	0	150	0	22.44	0	0
74	3490	0	21	0.00	0	150	0	22.43	0	0
75	2690	0	21	0.00	0	150	0	22.44	0	0
76	1930	0	21	0.00	0	150	0	22.45	0	0
77	1360	0	21	0.00	0	150	0	22.46	0	0
130	2060	0	20	0.00	0	150	0	22.44	0	0
132	3200	0	21	0.00	0	150	0	22.42	0	0
133	3070	0	21	0.00	0	150	0	22.42	0	0
134	2160	0	21	0.00	0	150	0	22.44	0	0
135	1530	0	21	0.00	0	150	0	22.44	0	0
334	1190	0	19	0.00	0	150	0	23.38	0	0
335	2550	0	19	0.00	0	150	0	23.36	0	0
336	3410	0	19	0.00	0	150	0	23.35	0	0
337	2600	0	19	0.00	0	150	0	23.36	0	0
338	1830	0	19	0.00	0	150	0	23.37	0	0
339	1300	0	19	0.00	0	150	0	23.38	0	0
378	1550	3300	20	0.00	16	0	0	23.29	0	0
379	2110	3300	19	0.00	16	0	0	23.29	0	0
380	2450	3300	20	0.00	16	0	0	23.19	0	0
381	2680	3300	19	0.00	16	0	0	23.21	0	0
382	2840	3300	20	0.20	2	0	0	23.21	0	0
383	2970	3300	20	0.20	12	0	0	23.20	0	0
384	3070	3310	23	0.20	19	0	0	23.21	0	0
385	3150	3340	28	0.20	19	0	0	23.22	0	0
386	3230	3370	35	0.20	19	0	0	23.22	0	0
387	3270	3400	43	0.20	19	0	0	23.22	0	0
388	3280	3430	49	0.20	19	0	0	23.15	0	0
389	3300	3450	52	0.20	19	0	0	23.17	0	0
389	3250	3470	54	0.20	19	0	0	23.18	0	0
391	3360	3490	55	0.20	19	0	0	23.19	0	0
392	3390	3510	55	0.20	19	0	0	23.19	0	0
393	3410	3510	55	0.20	19	0	0	23.13	0	0
394	3420	3510	54	0.20	19	0	0	23.15	0	0
395	3420	3510	52	0.20	19	0	0	23.16	0	0
396	3430	3520	50	0.20	19	0	0	23.13	0	0
397	3520	4800	47	0.28	19	0	0	23.14	0	0
398	3840	4960	46	0.28	19	0	0	23.09	0	0
399	4060	5150	43	0.28	19	0	0	23.07	0	0
400	4260	5410	42	0.28	19	0	0	23.08	0	0
401	4040	0	40	0.00	0	150	0	23.11	0	0
402	2770	0	39	0.00	0	150	0	23.15	0	0
403	2060	0	38	0.00	0	150	0	23.19	0	0
404	1410	0	37	0.00	0	150	0	23.21	0	0
110	1380	0	21	0.00	0	150	0	23.24	0	0
111	2560	0	21	0.00	0	150	0	23.22	0	0
112	3430	0	21	0.00	0	150	0	23.21	0	0
113	2730	0	21	0.00	0	150	0	23.22	0	0
114	1910	0	21	0.00	0	150	0	23.24	0	0
115	1350	0	21	0.00	0	150	0	23.24	0	0
228	1580	3300	20	0.00	16	0	0	23.03	0	0
229	2170	3300	20	0.00	16	0	0	23.06	0	0
230	2560	3300	20	0.00	16	0	0	23.02	0	0
231	2760	3300	20	0.00	16	0	0	23.05	0	0
232	2900	3300	21	0.20	2	0	0	23.05	0	0
233	3000	3300	21	0.20	12	0	0	23.06	0	0
234	3070	3300	21	0.20	19	0	0	23.06	0	0
235	3140	3300	21	0.20	19	0	0	23.07	0	0
236	2410	0	21	0.00	0	150	0	23.10	0	0
237	1750	0	21	0.00	0	150	0	23.11	0	0
238	1240	0	21	0.00	0	150	0	23.13	0	0
257	1010	0	20	0.00	0	150	0	23.12	0	0
258	2510	0	20	0.00	0	150	0	23.10	0	0
259	3330	0	20	0.00	0	150	0	23.08	0	0
260	2810	0	20	0.00	0	150	0	23.09	0	0
261	2010	0	20	0.00	0	150	0	23.10	0	0
262	1470	0	20	0.00	0	150	0	23.11	0	0
235	1320	0	17	0.00	0	150	0	23.41	0	0
236	2650	0	17	0.00	0	150	0	23.39	0	0
237	3320	0	17	0.00	0	150	0	23.38	0	0
238	2440	0	18	0.00	0	150	0	23.39	0	0
239	1660	0	17	0.00	0	150	0	23.39	0	0
272	1190	3300	17	0.00	16	0	0	23.21	0	0
273	1840	3300	18	0.00	16	0	0	23.22	0	0
274	2300	3300	18	0.00	16	0	0	23.24	0	0
275	2570	3300	18	0.00	16	0	0	23.25	0	0
276	2750	3300	17	0.20	2	0	0	23.16	0	0
277	2870	3300	18	0.20	12	0	0	23.18	0	0
278	2970	3300	18	0.20	19	0	0	23.20	0	0
279	3060	3300	18	0.20	19	0	0	23.19	0	0
280	3100	3310	18	0.20	19	0	0	23.22	0	0
281	3150	3310	18	0.20	19	0	0	23.22	0	0
282	3200	3320	18	0.20	19	0	0	23.22	0	0
283	3220	3330	18	0.20	19	0	0	23.23	0	0
284	3230	3330	19	0.20	19	0	0	23.18	0	0
285	3260	3330	18	0.20	19	0	0	23.20	0	0
286	3280	3330	18	0.20	19	0	0	23.20	0	0
287	3280	3330	18	0.20	19	0	0	23.21	0	0
288	3270	3330	18	0.20	19	0	0	23.22	0	0
289	3270	3330	18	0.20	19	0	0	23.18	0	0
290	3270	3330	18	0.20	19	0	0	23.19	0	0
291	3280	4720	19	0.28	19	0	0	23.20	0	0
292	3530	4880	18	0.28	19	0	0	23.16	0	0
293	3850	5050	19	0.28	19	0	0	23.15	0	0
294	4080	5270	20	0.28	19	0	0	23.15	0	0
295	4220	31350	24	0.28	3	0	0	23.15	0	0
296	4240	31350	29	0.28	3	0	0	23.15	0	0
297	4230	31350	33	0.28	3	0	0	23.14	0	0
298	4220	31350	38	0.28	3	0	0	23.15	0	0
299	4240	31350	42	0.28	3	0	0	23.06	0	0
300	4240	31350	46	0.28	3	0	0	23.08	0	0
301	4260	31350	50	0.28	3	0	0	23.09	0	0
302	4270	31350	55	0.28	3	0	0	23.05	0	0
303	4270	31350	62	0.29	3	0	0	23.01	0	0
304	4270	31350	70	0.29	3	0	0	22.96	0	0
305	4260	31350	78	0.29	3	0	0	23.00	0	0
306	4240	31350	84	0.29	3	0	0	23.03	0	0
307	4270	31350	90	0.29	3	0	0	23.06	0	0
308	4270	31350	96	0.29	3	0	0	23.08	0	0
309	4290	31350	101	0.29	3	0	0	23.03	0	0
310	4310	31350	107	0.29	3	0	0	23.06	0	0
311	4320	31350	113	0.30	3	0	0	23.01	0	0
312	4340	31350	119	0.30	3	0	0	23.05	0	0
313	4360	31350	124	0.30	3	0	0	23.02	0	0
314	4360	31350	129	0.30	3	0	0	22.93	0	0
315	4390	31350	133	0.30	3	0	0	22.99	0	0
316	4410	31350	138	0.30	3	0	0	23.01	0	0
317	4420	31350	142	0.30	3	0	0	23.05	0	0
318	4460	31350	147	0.31	3	0	0	23.07	0	0
319	4500	31350	153	0.31	3	0	0	23.01	0	0
320	4670	31350	158	0.32	3	0	0	23.03	0	0
321	4810	31350	163	0.33	3	0	0	23.05	0	0
322	5020	31350	171	0.34	3	0	0	23.06	0	0
323	5210	31350	185	0.36	3	0	0	23.06	0	0
324	5560	31350	201	0.37	3	0	0	23.00	0	0
325	6130	31350	220	0.38	3	0	0	23.02	0	0
326	6720	31350	248	0.39	3	0	0	23.03	0	0
327	7470	31350	283	0.41	3	0	0	23.04	0	0
328	8420	31350	327	0.42	3	0	0	23.04	0	0
329	9960	31350	389	0.44	3	0	0	23.05	0	0
330	11840	31350	458	0.45	3	0	0	23.04	0	0
331	14020	31350	515	0.47	3	0	0	23.04	0	0
332	16170	31350	553	0.48	3	0	0	23.04	0	0
333	18270	31350	569	0.50	3	0	0	23.03	0	0
334	20680	31350	572	0.52	3	0	0	23.03	0	0
335	23240	31350	567	0.54	3	0	0	23.02	0	0
336	25580	31350	556	0.56	3	0	0	23.03	0	0
337	27290	31350	546	0.58	3	0	0	23.06	0	0
338	30220	31350	541	0.60	3	0	0	23.09	0	0
339	34940	40000	542	0.59	4	0	0	23.11	0	0
340	42380	40000	547	0.50	4	0	0	23.14	0	0
341	44470	40000	555	0.50	4	0	0	23.15	0	0
342	29040	40000	517	0.57	4	0	0	23.17	0	0
343	22470	40000	449	0.62	4	0	0	23.18	0	0
344	18300	0	399	0.00	8	150	0	23.19	0	0
345	11960	0	358	0.00	8	150	0	23.21	0	0
346	9010	0	308	0.00	8	150	0	23.22	0	0
347	7190	0	266	0.00	8	150	0	23.24	0	0
348	5950	0	235	0.00	8	150	0	23.25	0	0
349	5030	0	215	0.00	8	150	0	23.26	0	0
350	4340	0	202	0.00	8	150	0	23.26	0	0
351	3840	0	194	0.00	8	150	0	23.26	0	0
352	3340	0	189	0.00	8	150	0	23.26	0	0
353	2970	0	186	0.00	8	150	0	23.26	0	0
354	2680	0	184	0.00	8	150	0	23.26	0	0
355	2840	3000	182	0.00	8	150	0	23.25	0	0
356	3050	3000	181	0.00	8	150	0	23.24	0	0
357	3200	3000	180	0.00	8	150	0	23.24	0	0
358	3250	3000	177	0.00	8	150	0	23.24	0	0
359	3260	3000	174	0.00	8	150	0	23.23	0	0
360	3250	3000	171	0.00	8	150	0	23.23	0	0
361	3230	3000	167	0.00	0	150	0	23.23	0	0
362	3200	3000	163	0.00	0	150	0	23.24	0	0
363	3180	3000	159	0.00	0	150	0	23.24	0	0
112	1250	0	19	0.00	0	150	0	23.23	0	0
113	2960	0	19	0.00	0	150	0	23.21	0	0
114	4170	0	19	0.00	0	150	0	23.19	0	0
115	3850	0	19	0.00	0	150	0	23.21	0	0
116	3290	0	19	0.00	0	150	0	23.21	0	0
117	2850	0	19	0.00	0	150	0	23.22	0	0
118	2490	0	19	0.00	0	150	0	23.21	0	0
119	2200	0	19	0.00	0	150	0	23.20	0	0
120	1980	0	20	0.00	0	150	0	23.20	0	0
121	1750	0	20	0.00	0	150	0	23.14	0	0
122	1570	0	20	0.00	0	150	0	23.15	0	0
123	1430	0	20	0.00	0	150	0	23.16	0	0
124	1270	0	20	0.00	0	150	0	23.17	0	0
125	1160	0	20	0.00	0	150	0	23.17	0	0
165	1930	3300	19	0.00	16	0	0	23.04	0	0
166	2740	3300	19	0.00	16	0	0	23.06	0	0
167	3210	3300	20	0.00	16	0	0	23.07	0	0
168	3440	3300	20	0.00	16	0	0	23.05	0	0
169	3560	3300	20	0.20	2	0	0	23.06	0	0
170	3610	3300	20	0.20	12	0	0	23.08	0	0
171	3670	3300	24	0.20	19	0	0	23.10	0	0
172	3650	3330	31	0.20	19	0	0	23.02	0	0
173	3620	3380	39	0.20	19	0	0	23.04	0	0
174	3560	3420	47	0.20	19	0	0	23.08	0	0
175	3510	3440	53	0.20	19	0	0	23.10	0	0
176	3470	3460	57	0.20	19	0	0	23.05	0	0
177	3460	3490	60	0.20	19	0	0	23.07	0	0
178	3450	3510	61	0.20	19	0	0	23.09	0	0
179	3440	3530	62	0.20	19	0	0	23.10	0	0
180	3470	3560	62	0.20	19	0	0	23.10	0	0
181	3490	3570	63	0.20	19	0	0	23.10	0	0
182	3510	3580	63	0.20	19	0	0	23.03	0	0
183	3530	3590	63	0.20	19	0	0	23.05	0	0
184	3540	3590	62	0.28	19	0	0	23.07	0	0
185	3720	4860	61	0.28	19	0	0	23.07	0	0
186	4010	5040	60	0.28	19	0	0	23.07	0	0
187	4280	5240	59	0.28	19	0	0	23.04	0	0
188	4520	31350	56	0.28	3	0	0	23.03	0	0
189	4660	31350	56	0.28	3	0	0	23.04	0	0
190	4730	31350	58	0.28	3	0	0	23.04	0	0
191	4800	31350	62	0.28	3	0	0	23.04	0	0
192	4850	31350	67	0.28	3	0	0	23.04	0	0
193	4870	31350	73	0.28	3	0	0	23.05	0	0
194	4900	31350	79	0.28	3	0	0	23.06	0	0
195	4930	31350	85	0.28	3	0	0	23.05	0	0
196	4980	31350	92	0.29	3	0	0	23.05	0	0
197	5020	31350	101	0.29	3	0	0	23.05	0	0
198	5060	31350	110	0.29	3	0	0	23.05	0	0
199	5130	31350	122	0.29	3	0	0	23.06	0	0
200	5220	31350	135	0.29	3	0	0	23.01	0	0
201	5300	31350	150	0.29	3	0	0	23.02	0	0
202	5910	31350	165	0.30	3	0	0	22.95	0	0
203	6840	31350	186	0.31	3	0	0	22.97	0	0
204	7940	31350	215	0.32	3	0	0	22.97	0	0
205	9370	31350	258	0.33	3	0	0	22.97	0	0
206	11150	31350	315	0.34	3	0	0	22.97	0	0
207	13010	31350	368	0.35	3	0	0	22.98	0	0
208	14070	31350	407	0.36	3	0	0	22.96	0	0
209	14390	31350	425	0.38	3	0	0	22.95	0	0
210	14640	31350	427	0.40	3	0	0	22.94	0	0
211	15000	31350	425	0.41	3	0	0	22.93	0	0
212	15680	31350	426	0.44	3	0	0	22.93	0	0
213	16460	31350	430	0.46	3	0	0	22.92	0	0
214	17290	31350	437	0.49	3	0	0	22.92	0	0
215	18160	31350	445	0.50	3	0	0	22.92	0	0
216	19190	31350	452	0.52	3	0	0	22.90	0	0
217	20030	31350	459	0.54	3	0	0	22.89	0	0
218	20870	31350	464	0.56	3	0	0	22.89	0	0
219	21770	31350	470	0.59	3	0	0	22.88	0	0
220	22650	31350	474	0.61	3	0	0	22.88	0	0
221	23360	31350	474	0.62	3	0	0	22.88	0	0
222	23880	31350	470	0.62	3	0	0	22.87	0	0
223	23960	31350	463	0.64	3	0	0	22.86	0	0
224	23030	31350	453	0.66	3	0	0	22.84	0	0
225	22920	31350	442	0.70	3	0	0	22.84	0	0
226	23300	31350	440	0.72	3	0	0	22.85	0	0
227	23840	31350	444	0.75	3	0	0	22.85	0	0
228	24120	31350	452	0.78	3	0	0	22.89	0	0
229	24220	31350	462	0.82	3	0	0	22.95	0	0
230	24740	31350	475	0.85	3	0	0	22.99	0	0
231	25710	31350	488	0.88	3	0	0	23.01	0	0
232	27410	31350	502	0.92	3	0	0	23.04	0	0
233	29870	31350	515	0.95	3	0	0	23.05	0	0
234	33110	40000	528	0.97	4	0	0	23.08	0	0
235	35260	40000	539	0.97	4	0	0	23.08	0	0
236	35320	40000	540	1.00	4	0	0	23.09	0	0
237	34810	40000	535	1.05	4	0	0	23.10	0	0
238	34620	40000	529	1.09	4	0	0	23.10	0	0
239	34810	40000	525	1.12	4	0	0	23.11	0	0
240	35960	40000	526	1.14	4	0	0	23.12	0	0
241	37610	40000	532	1.13	4	0	0	23.13	0	0
242	38700	40000	539	1.13	4	0	0	23.13	0	0
243	38910	37900	540	1.08	6	0	0	23.13	0	0
244	38110	34900	535	1.00	6	0	0	23.12	0	0
245	36290	33000	527	0.97	6	0	0	23.12	0	0
246	34260	33000	515	1.01	6	0	0	23.12	0	0
247	33240	33000	507	1.03	6	0	0	23.13	0	0
248	33110	33000	506	1.03	11	0	0	23.13	0	0
249	33770	33000	510	1.02	11	0	0	23.14	0	0
250	34110	33000	516	1.00	11	0	0	23.14	0	0
251	34070	33000	520	0.99	11	0	0	23.14	0	0
252	33790	33000	521	0.99	11	0	0	23.14	0	0
253	33430	33000	520	0.99	11	0	0	23.13	0	0
254	33210	33000	519	0.99	11	0	0	23.13	0	0
255	33110	33000	519	0.99	11	0	0	23.12	0	0
256	33250	33000	521	0.99	11	0	0	23.13	0	0
257	33170	33000	522	0.99	11	0	0	23.12	0	0
258	33010	33000	522	0.99	11	0	0	23.12	0	0
259	32990	33000	522	0.99	11	0	0	23.11	0	0
260	33080	33000	524	0.99	11	0	0	23.12	0	0
261	33160	33000	526	0.98	11	0	0	23.12	0	0
262	33100	33000	526	0.98	11	0	0	23.11	0	0
263	33060	33000	527	0.98	11	0	0	23.12	0	0
264	33000	33000	527	0.98	11	0	0	23.12	0	0
265	32930	33000	527	0.98	11	0	0	23.13	0	0
266	32800	33000	527	0.99	11	0	0	23.13	0	0
267	32940	33000	528	0.99	11	0	0	23.14	0	0
268	33090	33000	529	0.98	11	0	0	23.13	0	0
269	33090	33000	530	0.98	11	0	0	23.13	0	0
270	32990	33000	529	0.98	11	0	0	23.13	0	0
271	32920	33000	529	0.99	11	0	0	23.13	0	0
272	32840	33000	528	0.99	11	0	0	23.13	0	0
273	32930	33000	528	0.99	11	0	0	23.13	0	0
274	32920	33000	528	0.99	11	0	0	23.14	0	0
275	33070	33000	528	0.99	11	0	0	23.14	0	0
276	32920	33000	529	0.99	11	0	0	23.13	0	0
277	32830	33000	528	0.99	11	0	0	23.13	0	0
278	32810	33000	528	0.99	11	0	0	23.14	0	0
279	22540	0	513	0.00	8	150	0	23.14	0	0
280	14740	0	443	0.00	8	150	0	23.14	0	0
281	10390	0	363	0.00	8	150	0	23.14	0	0
282	8150	0	303	0.00	8	150	0	23.15	0	0
283	6800	0	263	0.00	8	150	0	23.14	0	0
284	5620	0	239	0.00	8	150	0	23.14	0	0
285	4840	0	225	0.00	8	150	0	23.14	0	0
286	4230	0	216	0.00	8	150	0	23.15	0	0
287	3730	0	212	0.00	8	150	0	23.15	0	0
288	3320	0	209	0.00	8	150	0	23.14	0	0
289	2990	0	207	0.00	8	150	0	23.13	0	0
290	2730	0	206	0.00	8	150	0	23.14	0	0
291	2910	3000	205	0.00	8	150	0	23.13	0	0
292	3200	3000	204	0.00	8	150	0	23.13	0	0
293	3350	3000	203	0.00	8	150	0	23.13	0	0
294	3450	3000	201	0.00	8	150	0	23.13	0	0
295	3460	3000	197	0.00	8	150	0	23.13	0	0
296	3440	3000	194	0.00	8	150	0	23.13	0	0
297	3390	3000	191	0.00	8	150	0	23.13	0	0
298	3330	3000	187	0.00	8	150	0	23.13	0	0
619	100380	104000	533	4.38	11	0	0	11.49	0	0
DATA END
1,HS,OK

